<?xml version="1.0" encoding="UTF-8"?>
<!-- Generated by org.testng.reporters.JUnitReportReporter -->
<testsuite name="myPackage.Display" tests="1" time="0.013" ignored="0" failures="0" timestamp="31 Jan 2020 07:15:22 GMT" skipped="0" hostname="DESKTOP-S0JQALI" errors="0">
  <testcase name="syso" time="0.013" classname="myPackage.Display"/>
</testsuite> <!-- myPackage.Display -->
