<?xml version="1.0" encoding="UTF-8"?>
<!-- Generated by org.testng.reporters.JUnitReportReporter -->
<testsuite name="myPackage.Authorization" tests="1" time="6.285" ignored="0" failures="0" timestamp="29 Jan 2020 18:20:55 GMT" skipped="0" hostname="DESKTOP-S0JQALI" errors="0">
  <testcase name="Browser" time="6.285" classname="myPackage.Authorization"/>
</testsuite> <!-- myPackage.Authorization -->
