<?xml version="1.0" encoding="UTF-8"?>
<!-- Generated by org.testng.reporters.JUnitReportReporter -->
<testsuite name="myPackage.BrowserTest" tests="2" time="5.764" ignored="1" failures="0" timestamp="28 Jan 2020 17:42:50 GMT" skipped="0" hostname="DESKTOP-S0JQALI" errors="0">
  <testcase name="m9" time="0.001" classname="myPackage.BrowserTest"/>
  <testcase name="Browser" time="5.763" classname="myPackage.BrowserTest"/>
  <testcase name="m8" classname="myPackage.BrowserTest">
    <skipped/>
  </testcase> <!-- m8 -->
</testsuite> <!-- myPackage.BrowserTest -->
