<?xml version="1.0" encoding="UTF-8"?>
<!-- Generated by org.testng.reporters.JUnitReportReporter -->
<testsuite name="myPackage.BrowserTest" tests="2" time="5.442" ignored="1" failures="0" timestamp="31 Jan 2020 16:07:53 GMT" skipped="0" hostname="DESKTOP-S0JQALI" errors="0">
  <testcase name="m9" time="0.000" classname="myPackage.BrowserTest"/>
  <testcase name="Browser" time="5.442" classname="myPackage.BrowserTest"/>
  <testcase name="m8" classname="myPackage.BrowserTest">
    <skipped/>
  </testcase> <!-- m8 -->
</testsuite> <!-- myPackage.BrowserTest -->
