<?xml version="1.0" encoding="UTF-8"?>
<!-- Generated by org.testng.reporters.JUnitReportReporter -->
<testsuite name="myPackage.Authorization" tests="1" time="7.255" ignored="1" failures="0" timestamp="28 Jan 2020 17:42:50 GMT" skipped="0" hostname="DESKTOP-S0JQALI" errors="0">
  <testcase name="Browser" time="7.255" classname="myPackage.Authorization"/>
  <testcase name="m8" classname="myPackage.BrowserTest">
    <skipped/>
  </testcase> <!-- m8 -->
</testsuite> <!-- myPackage.Authorization -->
